<?xml version="1.0" encoding="UTF-8"?>
<!-- Generated by org.testng.reporters.JUnitXMLReporter -->
<testsuite hostname="carthikeyan" ignored="0" name="Test" tests="1" failures="1" timestamp="23 Aug 2022 10:08:57 GMT" time="24.018" errors="0">
  <testcase name="openGoogle" time="23.917" classname="org.failed.ElementHighlight">
    <failure type="java.lang.AssertionError" message="expected [a] but found [q]">
      <![CDATA[java.lang.AssertionError: expected [a] but found [q]
at org.failed.ElementHighlight.openGoogle(ElementHighlight.java:17)
... Removed 31 stack frames]]>
    </failure>
  </testcase> <!-- openGoogle -->
</testsuite> <!-- Test -->
